<?xml version="1.0" encoding="UTF-8"?>
<testng-results ignored="0" total="13" passed="13" failed="0" skipped="0">
  <reporter-output>
  </reporter-output>
  <suite started-at="2025-02-17T17:08:10 BDT" name="TestSuite" finished-at="2025-02-17T17:08:53 BDT" duration-ms="43267">
    <groups>
    </groups>
    <test started-at="2025-02-17T17:08:10 BDT" name="Selenium Tests" finished-at="2025-02-17T17:08:53 BDT" duration-ms="43267">
      <class name="testcases.ReportsTest">
        <test-method is-config="true" signature="setUp()[pri:0, instance:testcases.ReportsTest@c730b35]" started-at="2025-02-17T17:08:20 BDT" name="setUp" finished-at="2025-02-17T17:08:20 BDT" duration-ms="0" status="PASS">
          <reporter-output>
          </reporter-output>
        </test-method> <!-- setUp -->
        <test-method signature="StandardReports()[pri:2, instance:testcases.ReportsTest@c730b35]" started-at="2025-02-17T17:08:20 BDT" name="StandardReports" finished-at="2025-02-17T17:08:24 BDT" depends-on-methods="testcases.LoginTest.testValidLogin" duration-ms="4469" status="PASS">
          <reporter-output>
          </reporter-output>
        </test-method> <!-- StandardReports -->
        <test-method signature="R1_Studentenrollmentbynationality()[pri:3, instance:testcases.ReportsTest@c730b35]" started-at="2025-02-17T17:08:24 BDT" name="R1_Studentenrollmentbynationality" finished-at="2025-02-17T17:08:28 BDT" depends-on-methods="testcases.LoginTest.testValidLogin" duration-ms="3270" status="PASS">
          <reporter-output>
          </reporter-output>
        </test-method> <!-- R1_Studentenrollmentbynationality -->
        <test-method signature="R2_Listofstudentsenrolledbyyear()[pri:4, instance:testcases.ReportsTest@c730b35]" started-at="2025-02-17T17:08:28 BDT" name="R2_Listofstudentsenrolledbyyear" finished-at="2025-02-17T17:08:30 BDT" depends-on-methods="testcases.LoginTest.testValidLogin" duration-ms="2328" status="PASS">
          <reporter-output>
          </reporter-output>
        </test-method> <!-- R2_Listofstudentsenrolledbyyear -->
        <test-method signature="R3_Listofstudentsnotpassed()[pri:5, instance:testcases.ReportsTest@c730b35]" started-at="2025-02-17T17:08:30 BDT" name="R3_Listofstudentsnotpassed" finished-at="2025-02-17T17:08:32 BDT" depends-on-methods="testcases.LoginTest.testValidLogin" duration-ms="2274" status="PASS">
          <reporter-output>
          </reporter-output>
        </test-method> <!-- R3_Listofstudentsnotpassed -->
        <test-method signature="R4_StudentsemesterGPAreport()[pri:6, instance:testcases.ReportsTest@c730b35]" started-at="2025-02-17T17:08:32 BDT" name="R4_StudentsemesterGPAreport" finished-at="2025-02-17T17:08:36 BDT" depends-on-methods="testcases.LoginTest.testValidLogin" duration-ms="3503" status="PASS">
          <reporter-output>
          </reporter-output>
        </test-method> <!-- R4_StudentsemesterGPAreport -->
        <test-method signature="R5_StudentYearlyGPAreport()[pri:7, instance:testcases.ReportsTest@c730b35]" started-at="2025-02-17T17:08:36 BDT" name="R5_StudentYearlyGPAreport" finished-at="2025-02-17T17:08:38 BDT" depends-on-methods="testcases.LoginTest.testValidLogin" duration-ms="2377" status="PASS">
          <reporter-output>
          </reporter-output>
        </test-method> <!-- R5_StudentYearlyGPAreport -->
        <test-method signature="R6_StudentCGPAreport()[pri:8, instance:testcases.ReportsTest@c730b35]" started-at="2025-02-17T17:08:38 BDT" name="R6_StudentCGPAreport" finished-at="2025-02-17T17:08:41 BDT" depends-on-methods="testcases.LoginTest.testValidLogin" duration-ms="2606" status="PASS">
          <reporter-output>
          </reporter-output>
        </test-method> <!-- R6_StudentCGPAreport -->
        <test-method signature="R7C_Listofallcoursesremainingtograduate()[pri:9, instance:testcases.ReportsTest@c730b35]" started-at="2025-02-17T17:08:41 BDT" name="R7C_Listofallcoursesremainingtograduate" finished-at="2025-02-17T17:08:43 BDT" depends-on-methods="testcases.LoginTest.testValidLogin" duration-ms="2260" status="PASS">
          <reporter-output>
          </reporter-output>
        </test-method> <!-- R7C_Listofallcoursesremainingtograduate -->
        <test-method signature="R7B_Listofcoursesremainingtograduate()[pri:10, instance:testcases.ReportsTest@c730b35]" started-at="2025-02-17T17:08:43 BDT" name="R7B_Listofcoursesremainingtograduate" finished-at="2025-02-17T17:08:45 BDT" depends-on-methods="testcases.LoginTest.testValidLogin" duration-ms="2231" status="PASS">
          <reporter-output>
          </reporter-output>
        </test-method> <!-- R7B_Listofcoursesremainingtograduate -->
        <test-method signature="R7A_Listofcoursesremainingtograduate()[pri:11, instance:testcases.ReportsTest@c730b35]" started-at="2025-02-17T17:08:45 BDT" name="R7A_Listofcoursesremainingtograduate" finished-at="2025-02-17T17:08:47 BDT" depends-on-methods="testcases.LoginTest.testValidLogin" duration-ms="2163" status="PASS">
          <reporter-output>
          </reporter-output>
        </test-method> <!-- R7A_Listofcoursesremainingtograduate -->
        <test-method signature="R8_StudentsGraduatingInSpring2025()[pri:12, instance:testcases.ReportsTest@c730b35]" started-at="2025-02-17T17:08:47 BDT" name="R8_StudentsGraduatingInSpring2025" finished-at="2025-02-17T17:08:50 BDT" depends-on-methods="testcases.LoginTest.testValidLogin" duration-ms="2222" status="PASS">
          <reporter-output>
          </reporter-output>
        </test-method> <!-- R8_StudentsGraduatingInSpring2025 -->
        <test-method signature="R9_StudentsNeedingLessThan12CreditsToGraduate()[pri:13, instance:testcases.ReportsTest@c730b35]" started-at="2025-02-17T17:08:50 BDT" name="R9_StudentsNeedingLessThan12CreditsToGraduate" finished-at="2025-02-17T17:08:52 BDT" depends-on-methods="testcases.LoginTest.testValidLogin" duration-ms="2551" status="PASS">
          <reporter-output>
          </reporter-output>
        </test-method> <!-- R9_StudentsNeedingLessThan12CreditsToGraduate -->
        <test-method is-config="true" signature="tearDown()[pri:0, instance:testcases.ReportsTest@c730b35]" started-at="2025-02-17T17:08:52 BDT" name="tearDown" finished-at="2025-02-17T17:08:53 BDT" duration-ms="1179" status="PASS">
          <reporter-output>
          </reporter-output>
        </test-method> <!-- tearDown -->
      </class> <!-- testcases.ReportsTest -->
      <class name="testcases.LoginTest">
        <test-method is-config="true" signature="setUp()[pri:0, instance:testcases.LoginTest@5b7a5baa]" started-at="2025-02-17T17:08:10 BDT" name="setUp" finished-at="2025-02-17T17:08:15 BDT" duration-ms="4694" status="PASS">
          <reporter-output>
          </reporter-output>
        </test-method> <!-- setUp -->
        <test-method signature="testValidLogin()[pri:1, instance:testcases.LoginTest@5b7a5baa]" started-at="2025-02-17T17:08:15 BDT" name="testValidLogin" finished-at="2025-02-17T17:08:20 BDT" duration-ms="5077" status="PASS">
          <reporter-output>
          </reporter-output>
        </test-method> <!-- testValidLogin -->
        <test-method is-config="true" signature="tearDown()[pri:0, instance:testcases.LoginTest@5b7a5baa]" started-at="2025-02-17T17:08:20 BDT" name="tearDown" finished-at="2025-02-17T17:08:20 BDT" duration-ms="0" status="PASS">
          <reporter-output>
          </reporter-output>
        </test-method> <!-- tearDown -->
      </class> <!-- testcases.LoginTest -->
    </test> <!-- Selenium Tests -->
  </suite> <!-- TestSuite -->
</testng-results>
