<?xml version="1.0" encoding="UTF-8"?>
<!-- Generated by org.testng.reporters.JUnitXMLReporter -->
<testsuite ignored="0" hostname="Shobuj-Laptop" failures="0" tests="13" name="Selenium Tests" time="43.109" errors="0" timestamp="2025-02-17T15:11:00 BDT">
  <testcase classname="testcases.LoginTest" name="testValidLogin" time="4.721"/>
  <testcase classname="testcases.ReportsTest" name="StandardReports" time="4.461"/>
  <testcase classname="testcases.ReportsTest" name="R1_Studentenrollmentbynationality" time="3.351"/>
  <testcase classname="testcases.ReportsTest" name="R2_Listofstudentsenrolledbyyear" time="2.307"/>
  <testcase classname="testcases.ReportsTest" name="R3_Listofstudentsnotpassed" time="2.328"/>
  <testcase classname="testcases.ReportsTest" name="R4_StudentsemesterGPAreport" time="3.397"/>
  <testcase classname="testcases.ReportsTest" name="R5_StudentYearlyGPAreport" time="2.314"/>
  <testcase classname="testcases.ReportsTest" name="R6_StudentCGPAreport" time="2.68"/>
  <testcase classname="testcases.ReportsTest" name="R7C_Listofallcoursesremainingtograduate" time="2.244"/>
  <testcase classname="testcases.ReportsTest" name="R7B_Listofcoursesremainingtograduate" time="2.317"/>
  <testcase classname="testcases.ReportsTest" name="R7A_Listofcoursesremainingtograduate" time="2.268"/>
  <testcase classname="testcases.ReportsTest" name="R8_StudentsGraduatingInSpring2025" time="2.123"/>
  <testcase classname="testcases.ReportsTest" name="R9_StudentsNeedingLessThan12CreditsToGraduate" time="2.501"/>
</testsuite> <!-- Selenium Tests -->
